<?xml version="1.0" encoding="utf-8"?><testsuites name="pytest tests"><testsuite name="pytest" errors="0" failures="0" skipped="0" tests="12" time="1.277" timestamp="2026-03-25T12:04:02.236294+00:00" hostname="agent-env-5a477188-14a8-4741-87e2-aa301dc173a0"><testcase classname="backend.tests.test_maintenance_announcements.TestMaintenanceAPI" name="test_get_maintenance_status_public" time="0.125" /><testcase classname="backend.tests.test_maintenance_announcements.TestMaintenanceAPI" name="test_put_maintenance_requires_auth" time="0.103" /><testcase classname="backend.tests.test_maintenance_announcements.TestAnnouncementsAPI" name="test_get_active_announcements_public" time="0.102" /><testcase classname="backend.tests.test_maintenance_announcements.TestAnnouncementsAPI" name="test_get_admin_announcements_requires_auth" time="0.102" /><testcase classname="backend.tests.test_maintenance_announcements.TestAnnouncementsAPI" name="test_create_announcement_requires_auth" time="0.091" /><testcase classname="backend.tests.test_maintenance_announcements.TestExistingAPIs" name="test_categories_api" time="0.093" /><testcase classname="backend.tests.test_maintenance_announcements.TestExistingAPIs" name="test_topics_api" time="0.096" /><testcase classname="backend.tests.test_maintenance_announcements.TestExistingAPIs" name="test_public_stats" time="0.110" /><testcase classname="backend.tests.test_maintenance_announcements.TestExistingAPIs" name="test_verification_badges" time="0.091" /><testcase classname="backend.tests.test_maintenance_announcements.TestAuthProtectedEndpoints" name="test_admin_users_requires_auth" time="0.098" /><testcase classname="backend.tests.test_maintenance_announcements.TestAuthProtectedEndpoints" name="test_admin_logs_requires_auth" time="0.110" /><testcase classname="backend.tests.test_maintenance_announcements.TestAuthProtectedEndpoints" name="test_reports_requires_auth" time="0.095" /></testsuite></testsuites>